2025-04-26 13:19:51 - Error: SQLSTATE[HY093]: Invalid parameter number
File: /home/bakudoor/elshanhaydar.com/credit/includes/Database.php
Line: 47

2025-04-26 13:19:51 - Error: SQLSTATE[HY093]: Invalid parameter number
File: /home/bakudoor/elshanhaydar.com/credit/includes/Database.php
Line: 47

2025-04-26 13:19:52 - Error: SQLSTATE[HY093]: Invalid parameter number
File: /home/bakudoor/elshanhaydar.com/credit/includes/Database.php
Line: 47

2025-04-26 13:19:52 - Error: SQLSTATE[HY093]: Invalid parameter number
File: /home/bakudoor/elshanhaydar.com/credit/includes/Database.php
Line: 47

2025-04-26 13:20:01 - Error: SQLSTATE[HY093]: Invalid parameter number
File: /home/bakudoor/elshanhaydar.com/credit/includes/Database.php
Line: 47

2025-04-26 13:20:02 - Error: SQLSTATE[HY093]: Invalid parameter number
File: /home/bakudoor/elshanhaydar.com/credit/includes/Database.php
Line: 47

2025-04-26 13:20:02 - Error: SQLSTATE[HY093]: Invalid parameter number
File: /home/bakudoor/elshanhaydar.com/credit/includes/Database.php
Line: 47

2025-04-26 13:20:02 - Error: SQLSTATE[HY093]: Invalid parameter number
File: /home/bakudoor/elshanhaydar.com/credit/includes/Database.php
Line: 47

2025-04-26 13:20:02 - Error: SQLSTATE[HY093]: Invalid parameter number
File: /home/bakudoor/elshanhaydar.com/credit/includes/Database.php
Line: 47

2025-04-26 13:20:57 - Error: SQLSTATE[HY093]: Invalid parameter number
File: /home/bakudoor/elshanhaydar.com/credit/includes/Database.php
Line: 47

2025-04-26 13:20:57 - Error: SQLSTATE[HY093]: Invalid parameter number
File: /home/bakudoor/elshanhaydar.com/credit/includes/Database.php
Line: 47

2025-04-26 13:20:57 - Error: SQLSTATE[HY093]: Invalid parameter number
File: /home/bakudoor/elshanhaydar.com/credit/includes/Database.php
Line: 47

2025-04-26 13:20:57 - Error: SQLSTATE[HY093]: Invalid parameter number
File: /home/bakudoor/elshanhaydar.com/credit/includes/Database.php
Line: 47

2025-04-26 13:20:58 - Error: SQLSTATE[HY093]: Invalid parameter number
File: /home/bakudoor/elshanhaydar.com/credit/includes/Database.php
Line: 47

2025-04-26 13:20:58 - Error: SQLSTATE[HY093]: Invalid parameter number
File: /home/bakudoor/elshanhaydar.com/credit/includes/Database.php
Line: 47

2025-04-26 13:21:31 - Error: SQLSTATE[HY093]: Invalid parameter number
File: /home/bakudoor/elshanhaydar.com/credit/includes/Database.php
Line: 47

2025-04-26 13:21:32 - Error: SQLSTATE[HY093]: Invalid parameter number
File: /home/bakudoor/elshanhaydar.com/credit/includes/Database.php
Line: 47

2025-04-26 13:21:32 - Error: SQLSTATE[HY093]: Invalid parameter number
File: /home/bakudoor/elshanhaydar.com/credit/includes/Database.php
Line: 47

2025-04-26 13:21:32 - Error: SQLSTATE[HY093]: Invalid parameter number
File: /home/bakudoor/elshanhaydar.com/credit/includes/Database.php
Line: 47

2025-04-26 13:21:32 - Error: SQLSTATE[HY093]: Invalid parameter number
File: /home/bakudoor/elshanhaydar.com/credit/includes/Database.php
Line: 47

2025-04-26 13:22:01 - Error: SQLSTATE[HY093]: Invalid parameter number
File: /home/bakudoor/elshanhaydar.com/credit/includes/Database.php
Line: 47

2025-04-26 15:17:37 - Error: SQLSTATE[HY093]: Invalid parameter number
File: /home/bakudoor/elshanhaydar.com/credit/includes/Database.php
Line: 47

2025-04-26 15:18:05 - Error: SQLSTATE[HY093]: Invalid parameter number
File: /home/bakudoor/elshanhaydar.com/credit/includes/Database.php
Line: 47

2025-04-26 15:18:13 - Error: SQLSTATE[HY093]: Invalid parameter number
File: /home/bakudoor/elshanhaydar.com/credit/includes/Database.php
Line: 47

2025-04-26 15:18:14 - Error: SQLSTATE[HY093]: Invalid parameter number
File: /home/bakudoor/elshanhaydar.com/credit/includes/Database.php
Line: 47

2025-04-26 15:18:15 - Error: SQLSTATE[HY093]: Invalid parameter number
File: /home/bakudoor/elshanhaydar.com/credit/includes/Database.php
Line: 47

2025-04-26 15:26:00 - Error: SQLSTATE[HY093]: Invalid parameter number
File: /home/bakudoor/elshanhaydar.com/credit/includes/Database.php
Line: 47

2025-04-26 15:26:26 - Error: SQLSTATE[HY093]: Invalid parameter number
File: /home/bakudoor/elshanhaydar.com/credit/includes/Database.php
Line: 47

2025-04-26 15:29:14 - Error: SQLSTATE[HY093]: Invalid parameter number
File: /home/bakudoor/elshanhaydar.com/credit/includes/Database.php
Line: 47

2025-04-26 15:29:27 - Error: SQLSTATE[HY093]: Invalid parameter number
File: /home/bakudoor/elshanhaydar.com/credit/includes/Database.php
Line: 47

2025-04-26 15:29:32 - Error: SQLSTATE[HY093]: Invalid parameter number
File: /home/bakudoor/elshanhaydar.com/credit/includes/Database.php
Line: 47

2025-04-26 15:29:35 - Error: SQLSTATE[HY093]: Invalid parameter number
File: /home/bakudoor/elshanhaydar.com/credit/includes/Database.php
Line: 47

2025-04-26 15:31:49 - Error: SQLSTATE[HY093]: Invalid parameter number
File: /home/bakudoor/elshanhaydar.com/credit/includes/Database.php
Line: 47

2025-04-28 11:10:07 - Error: SQLSTATE[HY093]: Invalid parameter number
File: /home/bakudoor/elshanhaydar.com/credit/includes/Database.php
Line: 47

2025-04-28 11:10:45 - Error: SQLSTATE[HY093]: Invalid parameter number
File: /home/bakudoor/elshanhaydar.com/credit/includes/Database.php
Line: 47

2025-04-28 11:10:47 - Error: SQLSTATE[HY093]: Invalid parameter number
File: /home/bakudoor/elshanhaydar.com/credit/includes/Database.php
Line: 47

2025-04-28 11:10:48 - Error: SQLSTATE[HY093]: Invalid parameter number
File: /home/bakudoor/elshanhaydar.com/credit/includes/Database.php
Line: 47

2025-04-28 11:10:49 - Error: SQLSTATE[HY093]: Invalid parameter number
File: /home/bakudoor/elshanhaydar.com/credit/includes/Database.php
Line: 47

2025-04-28 11:10:50 - Error: SQLSTATE[HY093]: Invalid parameter number
File: /home/bakudoor/elshanhaydar.com/credit/includes/Database.php
Line: 47

2025-04-28 11:10:53 - Error: SQLSTATE[HY093]: Invalid parameter number
File: /home/bakudoor/elshanhaydar.com/credit/includes/Database.php
Line: 47

2025-04-28 16:32:35 - Error: SQLSTATE[HY093]: Invalid parameter number
File: /home/bakudoor/elshanhaydar.com/credit/includes/Database.php
Line: 47

2025-04-28 16:33:18 - Error: SQLSTATE[HY093]: Invalid parameter number
File: /home/bakudoor/elshanhaydar.com/credit/includes/Database.php
Line: 47

2025-04-28 16:33:20 - Error: SQLSTATE[HY093]: Invalid parameter number
File: /home/bakudoor/elshanhaydar.com/credit/includes/Database.php
Line: 47

2025-04-28 16:33:22 - Error: SQLSTATE[HY093]: Invalid parameter number
File: /home/bakudoor/elshanhaydar.com/credit/includes/Database.php
Line: 47

2025-04-28 16:33:25 - Error: SQLSTATE[HY093]: Invalid parameter number
File: /home/bakudoor/elshanhaydar.com/credit/includes/Database.php
Line: 47

2025-04-28 16:33:26 - Error: SQLSTATE[HY093]: Invalid parameter number
File: /home/bakudoor/elshanhaydar.com/credit/includes/Database.php
Line: 47

2025-04-28 16:33:26 - Error: SQLSTATE[HY093]: Invalid parameter number
File: /home/bakudoor/elshanhaydar.com/credit/includes/Database.php
Line: 47

2025-04-28 16:33:26 - Error: SQLSTATE[HY093]: Invalid parameter number
File: /home/bakudoor/elshanhaydar.com/credit/includes/Database.php
Line: 47

2025-04-28 16:33:27 - Error: SQLSTATE[HY093]: Invalid parameter number
File: /home/bakudoor/elshanhaydar.com/credit/includes/Database.php
Line: 47

2025-04-28 16:33:27 - Error: SQLSTATE[HY093]: Invalid parameter number
File: /home/bakudoor/elshanhaydar.com/credit/includes/Database.php
Line: 47

2025-04-28 16:33:28 - Error: SQLSTATE[HY093]: Invalid parameter number
File: /home/bakudoor/elshanhaydar.com/credit/includes/Database.php
Line: 47

2025-04-28 16:38:23 - Error: SQLSTATE[42S22]: Column not found: 1054 Unknown column 'cs.customer_id' in 'SELECT'
File: /home/bakudoor/elshanhaydar.com/credit/includes/Database.php
Line: 46

2025-04-28 16:40:24 - Error: SQLSTATE[HY093]: Invalid parameter number
File: /home/bakudoor/elshanhaydar.com/credit/includes/Database.php
Line: 47

2025-04-28 16:46:04 - Error: SQLSTATE[HY093]: Invalid parameter number
File: /home/bakudoor/elshanhaydar.com/credit/includes/Database.php
Line: 47

2025-04-28 16:46:19 - Error: SQLSTATE[HY093]: Invalid parameter number
File: /home/bakudoor/elshanhaydar.com/credit/includes/Database.php
Line: 47

2025-04-28 16:46:31 - Error: SQLSTATE[HY093]: Invalid parameter number
File: /home/bakudoor/elshanhaydar.com/credit/includes/Database.php
Line: 47

2025-04-28 16:46:37 - Error: SQLSTATE[HY093]: Invalid parameter number
File: /home/bakudoor/elshanhaydar.com/credit/includes/Database.php
Line: 47

2025-04-28 16:49:42 - Error: SQLSTATE[HY093]: Invalid parameter number
File: /home/bakudoor/elshanhaydar.com/credit/includes/Database.php
Line: 47

2025-04-28 16:51:12 - Error: SQLSTATE[42S02]: Base table or view not found: 1146 Table 'bakudoor_kredit.settings' doesn't exist
File: /home/bakudoor/elshanhaydar.com/credit/includes/Database.php
Line: 34

2025-04-28 16:51:37 - Error: SQLSTATE[42S02]: Base table or view not found: 1146 Table 'bakudoor_kredit.settings' doesn't exist
File: /home/bakudoor/elshanhaydar.com/credit/includes/Database.php
Line: 71

2025-04-28 16:51:37 - Error: SQLSTATE[42S02]: Base table or view not found: 1146 Table 'bakudoor_kredit.settings' doesn't exist
File: /home/bakudoor/elshanhaydar.com/credit/includes/Database.php
Line: 71

2025-04-28 16:51:37 - Error: SQLSTATE[42S02]: Base table or view not found: 1146 Table 'bakudoor_kredit.settings' doesn't exist
File: /home/bakudoor/elshanhaydar.com/credit/includes/Database.php
Line: 71

2025-04-28 16:51:37 - Error: SQLSTATE[42S02]: Base table or view not found: 1146 Table 'bakudoor_kredit.settings' doesn't exist
File: /home/bakudoor/elshanhaydar.com/credit/includes/Database.php
Line: 71

2025-04-28 16:51:37 - Error: SQLSTATE[42S02]: Base table or view not found: 1146 Table 'bakudoor_kredit.settings' doesn't exist
File: /home/bakudoor/elshanhaydar.com/credit/includes/Database.php
Line: 71

2025-04-28 16:51:37 - Error: SQLSTATE[42S02]: Base table or view not found: 1146 Table 'bakudoor_kredit.settings' doesn't exist
File: /home/bakudoor/elshanhaydar.com/credit/includes/Database.php
Line: 34

2025-04-28 16:51:38 - Error: SQLSTATE[HY093]: Invalid parameter number
File: /home/bakudoor/elshanhaydar.com/credit/includes/Database.php
Line: 47

2025-04-28 16:53:29 - Error: SQLSTATE[HY093]: Invalid parameter number
File: /home/bakudoor/elshanhaydar.com/credit/includes/Database.php
Line: 47

2025-04-28 16:53:29 - Error: SQLSTATE[HY093]: Invalid parameter number
File: /home/bakudoor/elshanhaydar.com/credit/includes/Database.php
Line: 47

2025-04-28 16:53:30 - Error: SQLSTATE[HY093]: Invalid parameter number
File: /home/bakudoor/elshanhaydar.com/credit/includes/Database.php
Line: 47

2025-04-28 16:53:30 - Error: SQLSTATE[HY093]: Invalid parameter number
File: /home/bakudoor/elshanhaydar.com/credit/includes/Database.php
Line: 47

2025-04-28 16:53:30 - Error: SQLSTATE[HY093]: Invalid parameter number
File: /home/bakudoor/elshanhaydar.com/credit/includes/Database.php
Line: 47

2025-04-28 16:53:30 - Error: SQLSTATE[HY093]: Invalid parameter number
File: /home/bakudoor/elshanhaydar.com/credit/includes/Database.php
Line: 47

2025-04-28 17:03:52 - Error: SQLSTATE[HY093]: Invalid parameter number
File: /home/bakudoor/elshanhaydar.com/credit/includes/Database.php
Line: 47

2025-04-28 17:03:57 - Error: SQLSTATE[HY093]: Invalid parameter number
File: /home/bakudoor/elshanhaydar.com/credit/includes/Database.php
Line: 47

